<?xml version="1.0" encoding="UTF-8"?>
<!-- Generated by org.testng.reporters.JUnitXMLReporter -->
<testsuite ignored="0" hostname="DESKTOP-IHIJH93" failures="0" tests="3" name="Default test" time="42.976" errors="0" timestamp="2022-10-14T11:37:36 IST">
  <testcase classname="practice.DataProviderTest" name="companyDetails" time="15.169"/>
  <testcase classname="practice.DataProviderTest" name="companyDetails" time="13.652"/>
  <testcase classname="practice.DataProviderTest" name="companyDetails" time="14.1"/>
</testsuite> <!-- Default test -->
